<?xml version="1.0" encoding="UTF-8"?>
<testng-results ignored="0" total="1" passed="1" failed="0" skipped="0">
  <reporter-output>
  </reporter-output>
  <suite started-at="2024-06-17T15:47:44 IST" name="Surefire suite" finished-at="2024-06-17T15:47:46 IST" duration-ms="2231">
    <groups>
    </groups>
    <test started-at="2024-06-17T15:47:44 IST" name="Surefire test" finished-at="2024-06-17T15:47:46 IST" duration-ms="2231">
      <class name="fancode.StandaloneFCAssignment">
        <test-method is-config="true" signature="setup()[pri:0, instance:fancode.StandaloneFCAssignment@4c6e276e]" started-at="2024-06-17T15:47:44 IST" name="setup" finished-at="2024-06-17T15:47:45 IST" duration-ms="512" status="PASS">
          <reporter-output>
          </reporter-output>
        </test-method> <!-- setup -->
        <test-method signature="FC_SDET_Assignment()[pri:0, instance:fancode.StandaloneFCAssignment@4c6e276e]" started-at="2024-06-17T15:47:45 IST" name="FC_SDET_Assignment" finished-at="2024-06-17T15:47:46 IST" duration-ms="1471" status="PASS">
          <reporter-output>
          </reporter-output>
        </test-method> <!-- FC_SDET_Assignment -->
        <test-method is-config="true" signature="tearDown()[pri:0, instance:fancode.StandaloneFCAssignment@4c6e276e]" started-at="2024-06-17T15:47:46 IST" name="tearDown" finished-at="2024-06-17T15:47:46 IST" duration-ms="223" status="PASS">
          <reporter-output>
          </reporter-output>
        </test-method> <!-- tearDown -->
      </class> <!-- fancode.StandaloneFCAssignment -->
    </test> <!-- Surefire test -->
  </suite> <!-- Surefire suite -->
</testng-results>
