<?xml version="1.0" encoding="UTF-8"?>
<testsuite xmlns:xsi="http://www.w3.org/2001/XMLSchema-instance" xsi:noNamespaceSchemaLocation="https://maven.apache.org/surefire/maven-surefire-plugin/xsd/surefire-test-report-3.0.xsd" version="3.0" name="fancode.StandaloneFCAssignment" time="2.543" tests="1" errors="0" skipped="0" failures="0">
  <properties>
[...]
</properties>
  <testcase name="FC_SDET_Assignment" classname="fancode.StandaloneFCAssignment" time="1.475">
    <system-out><![CDATA[totalFancodeUsers = 3
User ID 1 has 55.00000000000001% tasks completed
User ID 5 has 60.0% tasks completed
User ID 10 has 60.0% tasks completed
Total FanCode Users with > 50% completed tasks: 3
Total FanCode Users with <= 50% completed tasks: 0
]]></system-out>
  </testcase>
</testsuite>